[0226/114541.301:INFO:CONSOLE:0] "Error with Permissions-Policy header: Unrecognized feature: 'speaker'.", source:  (0)
[0226/114541.302:INFO:CONSOLE:0] "Error with Permissions-Policy header: Unrecognized feature: 'vibrate'.", source:  (0)
[0226/114541.455:INFO:CONSOLE:0] "Error with Permissions-Policy header: Unrecognized feature: 'speaker'.", source:  (0)
[0226/114541.457:INFO:CONSOLE:0] "Error with Permissions-Policy header: Unrecognized feature: 'vibrate'.", source:  (0)
[0226/114541.637:INFO:CONSOLE:0] "Error with Permissions-Policy header: Unrecognized feature: 'speaker'.", source:  (0)
[0226/114541.637:INFO:CONSOLE:0] "Error with Permissions-Policy header: Unrecognized feature: 'vibrate'.", source:  (0)
[0226/114541.748:INFO:CONSOLE:605] "Uncaught TypeError: Cannot set properties of null (setting 'onclick')", source: https://etenders.gov.in/eprocure/includes/CsrfdeleteBlock.js (605)
[0226/114541.868:INFO:CONSOLE:596] "Uncaught TypeError: Cannot read properties of null (reading 'style')", source: https://etenders.gov.in/eprocure/app (596)
[0226/114541.869:INFO:CONSOLE:635] "Uncaught TypeError: Cannot read properties of null (reading 'style')", source: https://etenders.gov.in/eprocure/app (635)
[0226/114542.116:INFO:CONSOLE:9] "[11:45:42 GMT+0530 (India Standard Time)] SignalR: Auto detected cross domain url.", source: https://niccicms.raj.nic.in/nicci//Scripts/jquery.signalR-2.4.3.min.js (9)
[0226/114542.117:INFO:CONSOLE:9] "[11:45:42 GMT+0530 (India Standard Time)] SignalR: Client subscribed to hub 'expertchathub'.", source: https://niccicms.raj.nic.in/nicci//Scripts/jquery.signalR-2.4.3.min.js (9)
[0226/114542.117:INFO:CONSOLE:9] "[11:45:42 GMT+0530 (India Standard Time)] SignalR: Negotiating with 'https://niccicms.raj.nic.in/nicci/signalr/negotiate?clientProtocol=2.1&connectionData=%5B%7B%22name%22%3A%22expertchathub%22%7D%5D'.", source: https://niccicms.raj.nic.in/nicci//Scripts/jquery.signalR-2.4.3.min.js (9)
[0226/114542.117:INFO:CONSOLE:9] "[11:45:42 GMT+0530 (India Standard Time)] SignalR: Negotiating with 'https://niccicms.raj.nic.in/nicci/signalr/negotiate?clientProtocol=2.1&connectionData=%5B%7B%22name%22%3A%22expertchathub%22%7D%5D'.", source: https://niccicms.raj.nic.in/nicci//Scripts/jquery.signalR-2.4.3.min.js (9)
[0226/114542.135:INFO:CONSOLE:1] "denied", source: https://niccicms.raj.nic.in/nicci/nicci/js/voint_v1.js (1)
[0226/114542.228:INFO:CONSOLE:9] "[11:45:42 GMT+0530 (India Standard Time)] SignalR: webSockets transport starting.", source: https://niccicms.raj.nic.in/nicci//Scripts/jquery.signalR-2.4.3.min.js (9)
[0226/114542.228:INFO:CONSOLE:9] "[11:45:42 GMT+0530 (India Standard Time)] SignalR: Connecting to websocket endpoint 'wss://niccicms.raj.nic.in/nicci/signalr/connect?transport=webSockets&clientProtocol=2.1&connectionToken=8yPKKajhILMIF%2FAEMspkpTYloYNo7JKZV%2BkFTqqowaxIUu0p6xHwp%2B2ZXR%2FGfbETLnicbpABrH9mI2P8qQ0n3Uu%2BsclAOr0wMDxjrgJbNu1nj1qi7EXEc28aUsbQ2UJJ&connectionData=%5B%7B%22name%22%3A%22expertchathub%22%7D%5D&tid=2'.", source: https://niccicms.raj.nic.in/nicci//Scripts/jquery.signalR-2.4.3.min.js (9)
[0226/114542.229:INFO:CONSOLE:9] "Connecting to 'wss://niccicms.raj.nic.in/nicci/signalr/connect?transport=webSockets&clientProtocol=2.1&connectionToken=8yPKKajhILMIF%2FAEMspkpTYloYNo7JKZV%2BkFTqqowaxIUu0p6xHwp%2B2ZXR%2FGfbETLnicbpABrH9mI2P8qQ0n3Uu%2BsclAOr0wMDxjrgJbNu1nj1qi7EXEc28aUsbQ2UJJ&connectionData=%5B%7B%22name%22%3A%22expertchathub%22%7D%5D&tid=2' violates the following Content Security Policy directive: "default-src 'self' https://niccicms.raj.nic.in/ https://maxcdn.bootstrapcdn.com/ 'unsafe-inline' 'unsafe-eval' data:". Note that 'connect-src' was not explicitly set, so 'default-src' is used as a fallback. The action has been blocked.", source: https://niccicms.raj.nic.in/nicci//Scripts/jquery.signalR-2.4.3.min.js (9)
[0226/114544.264:INFO:CONSOLE:669] "Uncaught TypeError: Cannot read properties of null (reading 'contains')", source: https://etenders.gov.in/eprocure/app (669)
[0226/114547.238:INFO:CONSOLE:9] "[11:45:47 GMT+0530 (India Standard Time)] SignalR: webSockets transport timed out when trying to connect.", source: https://niccicms.raj.nic.in/nicci//Scripts/jquery.signalR-2.4.3.min.js (9)
[0226/114547.238:INFO:CONSOLE:9] "[11:45:47 GMT+0530 (India Standard Time)] SignalR: Closing the Websocket.", source: https://niccicms.raj.nic.in/nicci//Scripts/jquery.signalR-2.4.3.min.js (9)
[0226/114547.238:INFO:CONSOLE:9] "[11:45:47 GMT+0530 (India Standard Time)] SignalR: webSockets transport failed to connect. Attempting to fall back.", source: https://niccicms.raj.nic.in/nicci//Scripts/jquery.signalR-2.4.3.min.js (9)
[0226/114547.238:INFO:CONSOLE:9] "[11:45:47 GMT+0530 (India Standard Time)] SignalR: serverSentEvents transport starting.", source: https://niccicms.raj.nic.in/nicci//Scripts/jquery.signalR-2.4.3.min.js (9)
[0226/114547.238:INFO:CONSOLE:9] "[11:45:47 GMT+0530 (India Standard Time)] SignalR: Attempting to connect to SSE endpoint 'https://niccicms.raj.nic.in/nicci/signalr/connect?transport=serverSentEvents&clientProtocol=2.1&connectionToken=8yPKKajhILMIF%2FAEMspkpTYloYNo7JKZV%2BkFTqqowaxIUu0p6xHwp%2B2ZXR%2FGfbETLnicbpABrH9mI2P8qQ0n3Uu%2BsclAOr0wMDxjrgJbNu1nj1qi7EXEc28aUsbQ2UJJ&connectionData=%5B%7B%22name%22%3A%22expertchathub%22%7D%5D&tid=0'.", source: https://niccicms.raj.nic.in/nicci//Scripts/jquery.signalR-2.4.3.min.js (9)
[0226/114547.268:INFO:CONSOLE:669] "Uncaught TypeError: Cannot read properties of null (reading 'contains')", source: https://etenders.gov.in/eprocure/app (669)
[0226/114547.292:INFO:CONSOLE:9] "[11:45:47 GMT+0530 (India Standard Time)] SignalR: EventSource connected.", source: https://niccicms.raj.nic.in/nicci//Scripts/jquery.signalR-2.4.3.min.js (9)
[0226/114547.299:INFO:CONSOLE:9] "[11:45:47 GMT+0530 (India Standard Time)] SignalR: serverSentEvents transport connected. Initiating start request.", source: https://niccicms.raj.nic.in/nicci//Scripts/jquery.signalR-2.4.3.min.js (9)
[0226/114547.351:INFO:CONSOLE:9] "[11:45:47 GMT+0530 (India Standard Time)] SignalR: The start request succeeded. Transitioning to the connected state.", source: https://niccicms.raj.nic.in/nicci//Scripts/jquery.signalR-2.4.3.min.js (9)
[0226/114547.351:INFO:CONSOLE:9] "[11:45:47 GMT+0530 (India Standard Time)] SignalR: Now monitoring keep alive with a warning timeout of 13333.333333333332, keep alive timeout of 20000 and disconnecting timeout of 30000", source: https://niccicms.raj.nic.in/nicci//Scripts/jquery.signalR-2.4.3.min.js (9)
[0226/114547.352:INFO:CONSOLE:33] "SignalR connected successfully.", source: https://niccicms.raj.nic.in/nicci/nicci/js/livesupport.js (33)
[0226/114547.643:INFO:CONSOLE:9] "[11:45:47 GMT+0530 (India Standard Time)] SignalR: Window unloading, stopping the connection.", source: https://niccicms.raj.nic.in/nicci//Scripts/jquery.signalR-2.4.3.min.js (9)
[0226/114547.644:INFO:CONSOLE:9] "[11:45:47 GMT+0530 (India Standard Time)] SignalR: Stopping connection.", source: https://niccicms.raj.nic.in/nicci//Scripts/jquery.signalR-2.4.3.min.js (9)
[0226/114547.644:INFO:CONSOLE:9] "[11:45:47 GMT+0530 (India Standard Time)] SignalR: EventSource calling close().", source: https://niccicms.raj.nic.in/nicci//Scripts/jquery.signalR-2.4.3.min.js (9)
[0226/114547.647:INFO:CONSOLE:9] "[11:45:47 GMT+0530 (India Standard Time)] SignalR: Fired ajax abort async = true.", source: https://niccicms.raj.nic.in/nicci//Scripts/jquery.signalR-2.4.3.min.js (9)
[0226/114547.647:INFO:CONSOLE:9] "[11:45:47 GMT+0530 (India Standard Time)] SignalR: Stopping the monitoring of the keep alive.", source: https://niccicms.raj.nic.in/nicci//Scripts/jquery.signalR-2.4.3.min.js (9)
[0226/114547.647:INFO:CONSOLE:43] "Disconnected. Reconnecting...", source: https://niccicms.raj.nic.in/nicci/nicci/js/livesupport.js (43)
[0226/114547.653:INFO:CONSOLE:0] "Error with Permissions-Policy header: Unrecognized feature: 'speaker'.", source:  (0)
[0226/114547.653:INFO:CONSOLE:0] "Error with Permissions-Policy header: Unrecognized feature: 'vibrate'.", source:  (0)
[0226/114547.741:INFO:CONSOLE:0] "Error with Permissions-Policy header: Unrecognized feature: 'speaker'.", source:  (0)
[0226/114547.741:INFO:CONSOLE:0] "Error with Permissions-Policy header: Unrecognized feature: 'vibrate'.", source:  (0)
[0226/114551.556:INFO:CONSOLE:0] "Error with Permissions-Policy header: Unrecognized feature: 'speaker'.", source:  (0)
[0226/114551.556:INFO:CONSOLE:0] "Error with Permissions-Policy header: Unrecognized feature: 'vibrate'.", source:  (0)
[0226/114551.641:INFO:CONSOLE:0] "Error with Permissions-Policy header: Unrecognized feature: 'speaker'.", source:  (0)
[0226/114551.641:INFO:CONSOLE:0] "Error with Permissions-Policy header: Unrecognized feature: 'vibrate'.", source:  (0)
[0226/114551.664:INFO:CONSOLE:690] "Loading the image 'https://eprocure.gov.in/cppp/sites/default/files/images/newindow_icon.gif' violates the following Content Security Policy directive: "default-src 'self' https://niccicms.raj.nic.in/ https://maxcdn.bootstrapcdn.com/ 'unsafe-inline' 'unsafe-eval' data:". Note that 'img-src' was not explicitly set, so 'default-src' is used as a fallback. The action has been blocked.", source: https://etenders.gov.in/eprocure/app?page=WebScreenReaderAccess&service=page (690)
[0226/114551.664:INFO:CONSOLE:690] "Loading the image 'https://eprocure.gov.in/cppp/sites/default/files/images/newindow_icon.gif' violates the following Content Security Policy directive: "default-src 'self' https://niccicms.raj.nic.in/ https://maxcdn.bootstrapcdn.com/ 'unsafe-inline' 'unsafe-eval' data:". Note that 'img-src' was not explicitly set, so 'default-src' is used as a fallback. The action has been blocked.", source: https://etenders.gov.in/eprocure/app?page=WebScreenReaderAccess&service=page (690)
[0226/114551.664:INFO:CONSOLE:690] "Loading the image 'https://eprocure.gov.in/cppp/sites/default/files/images/newindow_icon.gif' violates the following Content Security Policy directive: "default-src 'self' https://niccicms.raj.nic.in/ https://maxcdn.bootstrapcdn.com/ 'unsafe-inline' 'unsafe-eval' data:". Note that 'img-src' was not explicitly set, so 'default-src' is used as a fallback. The action has been blocked.", source: https://etenders.gov.in/eprocure/app?page=WebScreenReaderAccess&service=page (690)
[0226/114551.664:INFO:CONSOLE:690] "Loading the image 'https://eprocure.gov.in/cppp/sites/default/files/images/newindow_icon.gif' violates the following Content Security Policy directive: "default-src 'self' https://niccicms.raj.nic.in/ https://maxcdn.bootstrapcdn.com/ 'unsafe-inline' 'unsafe-eval' data:". Note that 'img-src' was not explicitly set, so 'default-src' is used as a fallback. The action has been blocked.", source: https://etenders.gov.in/eprocure/app?page=WebScreenReaderAccess&service=page (690)
[0226/114551.664:INFO:CONSOLE:690] "Loading the image 'https://eprocure.gov.in/cppp/sites/default/files/images/newindow_icon.gif' violates the following Content Security Policy directive: "default-src 'self' https://niccicms.raj.nic.in/ https://maxcdn.bootstrapcdn.com/ 'unsafe-inline' 'unsafe-eval' data:". Note that 'img-src' was not explicitly set, so 'default-src' is used as a fallback. The action has been blocked.", source: https://etenders.gov.in/eprocure/app?page=WebScreenReaderAccess&service=page (690)
[0226/114551.664:INFO:CONSOLE:690] "Loading the image 'https://eprocure.gov.in/cppp/sites/default/files/images/newindow_icon.gif' violates the following Content Security Policy directive: "default-src 'self' https://niccicms.raj.nic.in/ https://maxcdn.bootstrapcdn.com/ 'unsafe-inline' 'unsafe-eval' data:". Note that 'img-src' was not explicitly set, so 'default-src' is used as a fallback. The action has been blocked.", source: https://etenders.gov.in/eprocure/app?page=WebScreenReaderAccess&service=page (690)
[0226/114557.829:INFO:CONSOLE:0] "Error with Permissions-Policy header: Unrecognized feature: 'speaker'.", source:  (0)
[0226/114557.829:INFO:CONSOLE:0] "Error with Permissions-Policy header: Unrecognized feature: 'vibrate'.", source:  (0)
[0226/114557.938:INFO:CONSOLE:0] "Error with Permissions-Policy header: Unrecognized feature: 'speaker'.", source:  (0)
[0226/114557.938:INFO:CONSOLE:0] "Error with Permissions-Policy header: Unrecognized feature: 'vibrate'.", source:  (0)
[0226/114557.972:INFO:CONSOLE:970] "Uncaught ReferenceError: doEnableDisable is not defined", source: https://etenders.gov.in/eprocure/app?page=FrontEndAdvancedSearch&service=page (970)
[0226/114604.132:INFO:CONSOLE:0] "Error with Permissions-Policy header: Unrecognized feature: 'speaker'.", source:  (0)
[0226/114604.132:INFO:CONSOLE:0] "Error with Permissions-Policy header: Unrecognized feature: 'vibrate'.", source:  (0)
[0226/114604.222:INFO:CONSOLE:0] "Error with Permissions-Policy header: Unrecognized feature: 'speaker'.", source:  (0)
[0226/114604.222:INFO:CONSOLE:0] "Error with Permissions-Policy header: Unrecognized feature: 'vibrate'.", source:  (0)
[0226/114608.634:INFO:CONSOLE:0] "Error with Permissions-Policy header: Unrecognized feature: 'speaker'.", source:  (0)
[0226/114608.634:INFO:CONSOLE:0] "Error with Permissions-Policy header: Unrecognized feature: 'vibrate'.", source:  (0)
[0226/114608.716:INFO:CONSOLE:0] "Error with Permissions-Policy header: Unrecognized feature: 'speaker'.", source:  (0)
[0226/114608.716:INFO:CONSOLE:0] "Error with Permissions-Policy header: Unrecognized feature: 'vibrate'.", source:  (0)
[0226/114608.739:INFO:CONSOLE:605] "Uncaught TypeError: Cannot set properties of null (setting 'onclick')", source: https://etenders.gov.in/eprocure/includes/CsrfdeleteBlock.js (605)
[0226/114614.506:INFO:CONSOLE:0] "Error with Permissions-Policy header: Unrecognized feature: 'speaker'.", source:  (0)
[0226/114614.506:INFO:CONSOLE:0] "Error with Permissions-Policy header: Unrecognized feature: 'vibrate'.", source:  (0)
[0226/114614.645:INFO:CONSOLE:0] "Error with Permissions-Policy header: Unrecognized feature: 'speaker'.", source:  (0)
[0226/114614.645:INFO:CONSOLE:0] "Error with Permissions-Policy header: Unrecognized feature: 'vibrate'.", source:  (0)
[0226/114619.307:INFO:CONSOLE:0] "Error with Permissions-Policy header: Unrecognized feature: 'speaker'.", source:  (0)
[0226/114619.307:INFO:CONSOLE:0] "Error with Permissions-Policy header: Unrecognized feature: 'vibrate'.", source:  (0)
[0226/114619.390:INFO:CONSOLE:0] "Error with Permissions-Policy header: Unrecognized feature: 'speaker'.", source:  (0)
[0226/114619.390:INFO:CONSOLE:0] "Error with Permissions-Policy header: Unrecognized feature: 'vibrate'.", source:  (0)
[0226/114623.498:INFO:CONSOLE:0] "Error with Permissions-Policy header: Unrecognized feature: 'speaker'.", source:  (0)
[0226/114623.498:INFO:CONSOLE:0] "Error with Permissions-Policy header: Unrecognized feature: 'vibrate'.", source:  (0)
[0226/114623.575:INFO:CONSOLE:0] "Error with Permissions-Policy header: Unrecognized feature: 'speaker'.", source:  (0)
[0226/114623.575:INFO:CONSOLE:0] "Error with Permissions-Policy header: Unrecognized feature: 'vibrate'.", source:  (0)
[0226/114623.594:INFO:CONSOLE:605] "Uncaught TypeError: Cannot set properties of null (setting 'onclick')", source: https://etenders.gov.in/eprocure/includes/CsrfdeleteBlock.js (605)
[0226/114623.701:INFO:CONSOLE:596] "Uncaught TypeError: Cannot read properties of null (reading 'style')", source: https://etenders.gov.in/eprocure/app (596)
[0226/114623.703:INFO:CONSOLE:635] "Uncaught TypeError: Cannot read properties of null (reading 'style')", source: https://etenders.gov.in/eprocure/app (635)
[0226/114623.810:INFO:CONSOLE:9] "[11:46:23 GMT+0530 (India Standard Time)] SignalR: Auto detected cross domain url.", source: https://niccicms.raj.nic.in/nicci//Scripts/jquery.signalR-2.4.3.min.js (9)
[0226/114623.810:INFO:CONSOLE:9] "[11:46:23 GMT+0530 (India Standard Time)] SignalR: Client subscribed to hub 'expertchathub'.", source: https://niccicms.raj.nic.in/nicci//Scripts/jquery.signalR-2.4.3.min.js (9)
[0226/114623.810:INFO:CONSOLE:9] "[11:46:23 GMT+0530 (India Standard Time)] SignalR: Negotiating with 'https://niccicms.raj.nic.in/nicci/signalr/negotiate?clientProtocol=2.1&connectionData=%5B%7B%22name%22%3A%22expertchathub%22%7D%5D'.", source: https://niccicms.raj.nic.in/nicci//Scripts/jquery.signalR-2.4.3.min.js (9)
[0226/114623.810:INFO:CONSOLE:9] "[11:46:23 GMT+0530 (India Standard Time)] SignalR: Negotiating with 'https://niccicms.raj.nic.in/nicci/signalr/negotiate?clientProtocol=2.1&connectionData=%5B%7B%22name%22%3A%22expertchathub%22%7D%5D'.", source: https://niccicms.raj.nic.in/nicci//Scripts/jquery.signalR-2.4.3.min.js (9)
[0226/114623.817:INFO:CONSOLE:1] "denied", source: https://niccicms.raj.nic.in/nicci/nicci/js/voint_v1.js (1)
[0226/114623.871:INFO:CONSOLE:9] "[11:46:23 GMT+0530 (India Standard Time)] SignalR: webSockets transport starting.", source: https://niccicms.raj.nic.in/nicci//Scripts/jquery.signalR-2.4.3.min.js (9)
[0226/114623.871:INFO:CONSOLE:9] "[11:46:23 GMT+0530 (India Standard Time)] SignalR: Connecting to websocket endpoint 'wss://niccicms.raj.nic.in/nicci/signalr/connect?transport=webSockets&clientProtocol=2.1&connectionToken=M%2BfFDXeCpqFWor6JKP0vnJL8%2F%2BO4yFcd6h0t1gEwuXO%2B66eL4V5O3Yi084%2F2EoXNBR8aMS8vwRazCyvhCN%2BaiypEabt7kEgfe79wwLL2y7PyxsQgla2HrSUZicBSl8Qr&connectionData=%5B%7B%22name%22%3A%22expertchathub%22%7D%5D&tid=8'.", source: https://niccicms.raj.nic.in/nicci//Scripts/jquery.signalR-2.4.3.min.js (9)
[0226/114623.872:INFO:CONSOLE:9] "Connecting to 'wss://niccicms.raj.nic.in/nicci/signalr/connect?transport=webSockets&clientProtocol=2.1&connectionToken=M%2BfFDXeCpqFWor6JKP0vnJL8%2F%2BO4yFcd6h0t1gEwuXO%2B66eL4V5O3Yi084%2F2EoXNBR8aMS8vwRazCyvhCN%2BaiypEabt7kEgfe79wwLL2y7PyxsQgla2HrSUZicBSl8Qr&connectionData=%5B%7B%22name%22%3A%22expertchathub%22%7D%5D&tid=8' violates the following Content Security Policy directive: "default-src 'self' https://niccicms.raj.nic.in/ https://maxcdn.bootstrapcdn.com/ 'unsafe-inline' 'unsafe-eval' data:". Note that 'connect-src' was not explicitly set, so 'default-src' is used as a fallback. The action has been blocked.", source: https://niccicms.raj.nic.in/nicci//Scripts/jquery.signalR-2.4.3.min.js (9)
[0226/114630.259:INFO:CONSOLE:0] "Error with Permissions-Policy header: Unrecognized feature: 'speaker'.", source:  (0)
[0226/114630.259:INFO:CONSOLE:0] "Error with Permissions-Policy header: Unrecognized feature: 'vibrate'.", source:  (0)
[0226/114630.363:INFO:CONSOLE:0] "Error with Permissions-Policy header: Unrecognized feature: 'speaker'.", source:  (0)
[0226/114630.363:INFO:CONSOLE:0] "Error with Permissions-Policy header: Unrecognized feature: 'vibrate'.", source:  (0)
[0226/114635.618:INFO:CONSOLE:0] "Error with Permissions-Policy header: Unrecognized feature: 'speaker'.", source:  (0)
[0226/114635.619:INFO:CONSOLE:0] "Error with Permissions-Policy header: Unrecognized feature: 'vibrate'.", source:  (0)
[0226/114635.735:INFO:CONSOLE:0] "Error with Permissions-Policy header: Unrecognized feature: 'speaker'.", source:  (0)
[0226/114635.735:INFO:CONSOLE:0] "Error with Permissions-Policy header: Unrecognized feature: 'vibrate'.", source:  (0)
[0226/114641.587:INFO:CONSOLE:0] "Error with Permissions-Policy header: Unrecognized feature: 'speaker'.", source:  (0)
[0226/114641.588:INFO:CONSOLE:0] "Error with Permissions-Policy header: Unrecognized feature: 'vibrate'.", source:  (0)
[0226/114641.694:INFO:CONSOLE:0] "Error with Permissions-Policy header: Unrecognized feature: 'speaker'.", source:  (0)
[0226/114641.694:INFO:CONSOLE:0] "Error with Permissions-Policy header: Unrecognized feature: 'vibrate'.", source:  (0)
[0226/114641.714:INFO:CONSOLE:605] "Uncaught TypeError: Cannot set properties of null (setting 'onclick')", source: https://etenders.gov.in/eprocure/includes/CsrfdeleteBlock.js (605)
[0226/114641.827:INFO:CONSOLE:596] "Uncaught TypeError: Cannot read properties of null (reading 'style')", source: https://etenders.gov.in/eprocure/app?page=Home&service=page (596)
[0226/114641.827:INFO:CONSOLE:635] "Uncaught TypeError: Cannot read properties of null (reading 'style')", source: https://etenders.gov.in/eprocure/app?page=Home&service=page (635)
[0226/114641.917:INFO:CONSOLE:9] "[11:46:41 GMT+0530 (India Standard Time)] SignalR: Auto detected cross domain url.", source: https://niccicms.raj.nic.in/nicci//Scripts/jquery.signalR-2.4.3.min.js (9)
[0226/114641.917:INFO:CONSOLE:9] "[11:46:41 GMT+0530 (India Standard Time)] SignalR: Client subscribed to hub 'expertchathub'.", source: https://niccicms.raj.nic.in/nicci//Scripts/jquery.signalR-2.4.3.min.js (9)
[0226/114641.917:INFO:CONSOLE:9] "[11:46:41 GMT+0530 (India Standard Time)] SignalR: Negotiating with 'https://niccicms.raj.nic.in/nicci/signalr/negotiate?clientProtocol=2.1&connectionData=%5B%7B%22name%22%3A%22expertchathub%22%7D%5D'.", source: https://niccicms.raj.nic.in/nicci//Scripts/jquery.signalR-2.4.3.min.js (9)
[0226/114641.919:INFO:CONSOLE:9] "[11:46:41 GMT+0530 (India Standard Time)] SignalR: Negotiating with 'https://niccicms.raj.nic.in/nicci/signalr/negotiate?clientProtocol=2.1&connectionData=%5B%7B%22name%22%3A%22expertchathub%22%7D%5D'.", source: https://niccicms.raj.nic.in/nicci//Scripts/jquery.signalR-2.4.3.min.js (9)
[0226/114641.921:INFO:CONSOLE:1] "denied", source: https://niccicms.raj.nic.in/nicci/nicci/js/voint_v1.js (1)
[0226/114641.969:INFO:CONSOLE:9] "[11:46:41 GMT+0530 (India Standard Time)] SignalR: webSockets transport starting.", source: https://niccicms.raj.nic.in/nicci//Scripts/jquery.signalR-2.4.3.min.js (9)
[0226/114641.970:INFO:CONSOLE:9] "[11:46:41 GMT+0530 (India Standard Time)] SignalR: Connecting to websocket endpoint 'wss://niccicms.raj.nic.in/nicci/signalr/connect?transport=webSockets&clientProtocol=2.1&connectionToken=nMAundrWQzODhZPY3tWeVzyIwDeQedwdPcbQ1%2BtOYPUeVukqw%2BdzJQbCEOeRPSB369aBjKbO04cX2G94btMS9BoQOXq5%2BCi5QIfMHd5zVnRJy5zxh0L6BFGe9u8CYXnw&connectionData=%5B%7B%22name%22%3A%22expertchathub%22%7D%5D&tid=1'.", source: https://niccicms.raj.nic.in/nicci//Scripts/jquery.signalR-2.4.3.min.js (9)
[0226/114641.970:INFO:CONSOLE:9] "Connecting to 'wss://niccicms.raj.nic.in/nicci/signalr/connect?transport=webSockets&clientProtocol=2.1&connectionToken=nMAundrWQzODhZPY3tWeVzyIwDeQedwdPcbQ1%2BtOYPUeVukqw%2BdzJQbCEOeRPSB369aBjKbO04cX2G94btMS9BoQOXq5%2BCi5QIfMHd5zVnRJy5zxh0L6BFGe9u8CYXnw&connectionData=%5B%7B%22name%22%3A%22expertchathub%22%7D%5D&tid=1' violates the following Content Security Policy directive: "default-src 'self' https://niccicms.raj.nic.in/ https://maxcdn.bootstrapcdn.com/ 'unsafe-inline' 'unsafe-eval' data:". Note that 'connect-src' was not explicitly set, so 'default-src' is used as a fallback. The action has been blocked.", source: https://niccicms.raj.nic.in/nicci//Scripts/jquery.signalR-2.4.3.min.js (9)
[0226/114647.115:INFO:CONSOLE:0] "Error with Permissions-Policy header: Unrecognized feature: 'speaker'.", source:  (0)
[0226/114647.115:INFO:CONSOLE:0] "Error with Permissions-Policy header: Unrecognized feature: 'vibrate'.", source:  (0)
[0226/114647.240:INFO:CONSOLE:0] "Error with Permissions-Policy header: Unrecognized feature: 'speaker'.", source:  (0)
[0226/114647.240:INFO:CONSOLE:0] "Error with Permissions-Policy header: Unrecognized feature: 'vibrate'.", source:  (0)
[0226/114651.685:INFO:CONSOLE:0] "Error with Permissions-Policy header: Unrecognized feature: 'speaker'.", source:  (0)
[0226/114651.685:INFO:CONSOLE:0] "Error with Permissions-Policy header: Unrecognized feature: 'vibrate'.", source:  (0)
[0226/114651.767:INFO:CONSOLE:0] "Error with Permissions-Policy header: Unrecognized feature: 'speaker'.", source:  (0)
[0226/114651.767:INFO:CONSOLE:0] "Error with Permissions-Policy header: Unrecognized feature: 'vibrate'.", source:  (0)
[0226/114656.904:INFO:CONSOLE:0] "Error with Permissions-Policy header: Unrecognized feature: 'speaker'.", source:  (0)
[0226/114656.904:INFO:CONSOLE:0] "Error with Permissions-Policy header: Unrecognized feature: 'vibrate'.", source:  (0)
[0226/114657.007:INFO:CONSOLE:0] "Error with Permissions-Policy header: Unrecognized feature: 'speaker'.", source:  (0)
[0226/114657.007:INFO:CONSOLE:0] "Error with Permissions-Policy header: Unrecognized feature: 'vibrate'.", source:  (0)
[0226/114701.404:INFO:CONSOLE:0] "Error with Permissions-Policy header: Unrecognized feature: 'speaker'.", source:  (0)
[0226/114701.404:INFO:CONSOLE:0] "Error with Permissions-Policy header: Unrecognized feature: 'vibrate'.", source:  (0)
[0226/114701.481:INFO:CONSOLE:0] "Error with Permissions-Policy header: Unrecognized feature: 'speaker'.", source:  (0)
[0226/114701.481:INFO:CONSOLE:0] "Error with Permissions-Policy header: Unrecognized feature: 'vibrate'.", source:  (0)
